{
  "stats": {
    "suites": 4,
    "tests": 15,
    "passes": 8,
    "pending": 0,
    "failures": 7,
    "start": "2026-06-02T06:13:29.349Z",
    "end": "2026-06-02T06:14:51.105Z",
    "duration": 81756,
    "testsRegistered": 15,
    "passPercent": 53.333333333333336,
    "pendingPercent": 0,
    "other": 0,
    "hasOther": false,
    "skipped": 0,
    "hasSkipped": false
  },
  "results": [
    {
      "uuid": "6268db07-8156-49b8-a68f-e8a80d19a700",
      "title": "",
      "fullFile": "cypress\\e2e\\sistema_academico.cy.js",
      "file": "cypress\\e2e\\sistema_academico.cy.js",
      "beforeHooks": [],
      "afterHooks": [],
      "tests": [],
      "suites": [
        {
          "uuid": "b42c61a2-6dfd-44cb-bc9d-3d923715179c",
          "title": "Autenticacion - Login/Logout",
          "fullFile": "",
          "file": "",
          "beforeHooks": [],
          "afterHooks": [],
          "tests": [
            {
              "title": "GP-001 | Golden Path: Admin inicia sesion y accede al dashboard",
              "fullTitle": "Autenticacion - Login/Logout GP-001 | Golden Path: Admin inicia sesion y accede al dashboard",
              "timedOut": null,
              "duration": 2593,
              "state": "passed",
              "speed": "fast",
              "pass": true,
              "fail": false,
              "pending": false,
              "context": null,
              "code": "stubApiCalls();\nlogin();\ncy.url().should('include', '/dashboard');\ncy.get('[data-cy=\"dashboard-content\"]', {\n  timeout: 15000\n}).should('be.visible');",
              "err": {},
              "uuid": "bdfe37e8-bd7c-4c51-a30b-3bfd082b14cb",
              "parentUUID": "b42c61a2-6dfd-44cb-bc9d-3d923715179c",
              "isHook": false,
              "skipped": false
            },
            {
              "title": "HP-001 | Happy Path: Logout redirige a login",
              "fullTitle": "Autenticacion - Login/Logout HP-001 | Happy Path: Logout redirige a login",
              "timedOut": null,
              "duration": 1257,
              "state": "passed",
              "speed": "fast",
              "pass": true,
              "fail": false,
              "pending": false,
              "context": null,
              "code": "stubApiCalls();\nlogin();\ncy.url().should('include', '/dashboard');\ncy.get('[data-cy=\"btn-logout\"]', {\n  timeout: 15000\n}).should('be.visible').click();\ncy.url().should('include', '/login');",
              "err": {},
              "uuid": "26b782d3-510c-4694-9374-fddb5470d874",
              "parentUUID": "b42c61a2-6dfd-44cb-bc9d-3d923715179c",
              "isHook": false,
              "skipped": false
            },
            {
              "title": "UP-001 | Unhappy Path: Login con API caida no rompe la app",
              "fullTitle": "Autenticacion - Login/Logout UP-001 | Unhappy Path: Login con API caida no rompe la app",
              "timedOut": null,
              "duration": 983,
              "state": "passed",
              "speed": "fast",
              "pass": true,
              "fail": false,
              "pending": false,
              "context": null,
              "code": "cy.intercept('GET', `${API}/**`, {\n  forceNetworkError: true\n});\nlogin();\ncy.url().should('include', '/dashboard');\ncy.get('body').should('be.visible');",
              "err": {},
              "uuid": "435c8774-6fa4-46bf-86b1-7b5d809aeb23",
              "parentUUID": "b42c61a2-6dfd-44cb-bc9d-3d923715179c",
              "isHook": false,
              "skipped": false
            },
            {
              "title": "UP-002 | Unhappy Path: Ruta protegida sin autenticar redirige a login",
              "fullTitle": "Autenticacion - Login/Logout UP-002 | Unhappy Path: Ruta protegida sin autenticar redirige a login",
              "timedOut": null,
              "duration": 330,
              "state": "passed",
              "speed": "fast",
              "pass": true,
              "fail": false,
              "pending": false,
              "context": null,
              "code": "cy.visit('/dashboard');\ncy.url().should('include', '/login');",
              "err": {},
              "uuid": "3767f8cb-5c1f-4484-9806-72cec1023130",
              "parentUUID": "b42c61a2-6dfd-44cb-bc9d-3d923715179c",
              "isHook": false,
              "skipped": false
            }
          ],
          "suites": [],
          "passes": [
            "bdfe37e8-bd7c-4c51-a30b-3bfd082b14cb",
            "26b782d3-510c-4694-9374-fddb5470d874",
            "435c8774-6fa4-46bf-86b1-7b5d809aeb23",
            "3767f8cb-5c1f-4484-9806-72cec1023130"
          ],
          "failures": [],
          "pending": [],
          "skipped": [],
          "duration": 5163,
          "root": false,
          "rootEmpty": false,
          "_timeout": 2000
        },
        {
          "uuid": "968c3d45-8f0b-46d3-aee7-1f9920b2dd3f",
          "title": "Navegacion Funcional",
          "fullFile": "",
          "file": "",
          "beforeHooks": [],
          "afterHooks": [],
          "tests": [
            {
              "title": "NAV-001 | Dashboard carga con secciones visibles",
              "fullTitle": "Navegacion Funcional NAV-001 | Dashboard carga con secciones visibles",
              "timedOut": null,
              "duration": 15419,
              "state": "failed",
              "speed": null,
              "pass": false,
              "fail": true,
              "pending": false,
              "context": null,
              "code": "cy.get('[data-cy=\"dashboard-content\"]', {\n  timeout: 15000\n}).should('be.visible');\ncy.get('h2').should('contain', 'Panel principal');",
              "err": {
                "message": "AssertionError: Timed out retrying after 15000ms: Expected to find element: `[data-cy=\"dashboard-content\"]`, but never found it.",
                "estack": "AssertionError: Timed out retrying after 15000ms: Expected to find element: `[data-cy=\"dashboard-content\"]`, but never found it.\n    at Context.eval (webpack://frontend/./cypress/e2e/sistema_academico.cy.js:69:64)",
                "diff": null
              },
              "uuid": "b8010e65-1f6e-4dd4-8429-6223ba4c8a52",
              "parentUUID": "968c3d45-8f0b-46d3-aee7-1f9920b2dd3f",
              "isHook": false,
              "skipped": false
            },
            {
              "title": "NAV-002 | Titulo de la pagina no esta vacio",
              "fullTitle": "Navegacion Funcional NAV-002 | Titulo de la pagina no esta vacio",
              "timedOut": null,
              "duration": 612,
              "state": "passed",
              "speed": "fast",
              "pass": true,
              "fail": false,
              "pending": false,
              "context": null,
              "code": "cy.title().should('not.be.empty');",
              "err": {},
              "uuid": "f7d244ce-30e1-4129-a6c6-99b757823c78",
              "parentUUID": "968c3d45-8f0b-46d3-aee7-1f9920b2dd3f",
              "isHook": false,
              "skipped": false
            },
            {
              "title": "NAV-003 | Navegacion a seccion estudiantes funciona",
              "fullTitle": "Navegacion Funcional NAV-003 | Navegacion a seccion estudiantes funciona",
              "timedOut": null,
              "duration": 10476,
              "state": "failed",
              "speed": null,
              "pass": false,
              "fail": true,
              "pending": false,
              "context": null,
              "code": "cy.contains('.nav-item', 'Estudiantes', {\n  timeout: 10000\n}).click();\ncy.get('h2').should('contain', 'Estudiantes');",
              "err": {
                "message": "AssertionError: Timed out retrying after 10000ms: Expected to find content: 'Estudiantes' within the selector: '.nav-item' but never did.",
                "estack": "AssertionError: Timed out retrying after 10000ms: Expected to find content: 'Estudiantes' within the selector: '.nav-item' but never did.\n    at Context.eval (webpack://frontend/./cypress/e2e/sistema_academico.cy.js:78:7)",
                "diff": null
              },
              "uuid": "6ba4ac38-62fe-47ba-90fe-85f23c2727ca",
              "parentUUID": "968c3d45-8f0b-46d3-aee7-1f9920b2dd3f",
              "isHook": false,
              "skipped": false
            },
            {
              "title": "NAV-004 | Navegacion a seccion horarios funciona",
              "fullTitle": "Navegacion Funcional NAV-004 | Navegacion a seccion horarios funciona",
              "timedOut": null,
              "duration": 10554,
              "state": "failed",
              "speed": null,
              "pass": false,
              "fail": true,
              "pending": false,
              "context": null,
              "code": "cy.contains('.nav-item', 'Horarios', {\n  timeout: 10000\n}).click();\ncy.get('h2').should('contain', 'Horarios');",
              "err": {
                "message": "AssertionError: Timed out retrying after 10000ms: Expected to find content: 'Horarios' within the selector: '.nav-item' but never did.",
                "estack": "AssertionError: Timed out retrying after 10000ms: Expected to find content: 'Horarios' within the selector: '.nav-item' but never did.\n    at Context.eval (webpack://frontend/./cypress/e2e/sistema_academico.cy.js:83:7)",
                "diff": null
              },
              "uuid": "b4aa29a8-4f6b-4b6b-9fe5-aa670289f167",
              "parentUUID": "968c3d45-8f0b-46d3-aee7-1f9920b2dd3f",
              "isHook": false,
              "skipped": false
            },
            {
              "title": "NAV-005 | Ruta inexistente redirige o muestra pagina",
              "fullTitle": "Navegacion Funcional NAV-005 | Ruta inexistente redirige o muestra pagina",
              "timedOut": null,
              "duration": 911,
              "state": "passed",
              "speed": "fast",
              "pass": true,
              "fail": false,
              "pending": false,
              "context": null,
              "code": "cy.visit('/ruta-inexistente', {\n  failOnStatusCode: false\n});\ncy.url().should('not.be.empty');",
              "err": {},
              "uuid": "9ca12946-b81b-4b98-9661-8cc0337c715f",
              "parentUUID": "968c3d45-8f0b-46d3-aee7-1f9920b2dd3f",
              "isHook": false,
              "skipped": false
            }
          ],
          "suites": [],
          "passes": [
            "f7d244ce-30e1-4129-a6c6-99b757823c78",
            "9ca12946-b81b-4b98-9661-8cc0337c715f"
          ],
          "failures": [
            "b8010e65-1f6e-4dd4-8429-6223ba4c8a52",
            "6ba4ac38-62fe-47ba-90fe-85f23c2727ca",
            "b4aa29a8-4f6b-4b6b-9fe5-aa670289f167"
          ],
          "pending": [],
          "skipped": [],
          "duration": 37972,
          "root": false,
          "rootEmpty": false,
          "_timeout": 2000
        },
        {
          "uuid": "ff9d5eef-544a-42ec-87ac-ec21f7ac7143",
          "title": "Autenticacion API",
          "fullFile": "",
          "file": "",
          "beforeHooks": [],
          "afterHooks": [],
          "tests": [
            {
              "title": "SEC-001 | Health check del backend",
              "fullTitle": "Autenticacion API SEC-001 | Health check del backend",
              "timedOut": null,
              "duration": 1549,
              "state": "passed",
              "speed": "fast",
              "pass": true,
              "fail": false,
              "pending": false,
              "context": null,
              "code": "cy.request({\n  url: 'http://127.0.0.1:8000/health',\n  failOnStatusCode: false\n}).then(resp => {\n  if (resp.status === 200) {\n    expect(resp.body.status).to.equal('healthy');\n  }\n});",
              "err": {},
              "uuid": "78955141-aa7f-4a41-89f1-47bb6ed895a2",
              "parentUUID": "ff9d5eef-544a-42ec-87ac-ec21f7ac7143",
              "isHook": false,
              "skipped": false
            },
            {
              "title": "SEC-002 | POST /api/auth/login admin devuelve 200",
              "fullTitle": "Autenticacion API SEC-002 | POST /api/auth/login admin devuelve 200",
              "timedOut": null,
              "duration": 1533,
              "state": "passed",
              "speed": "fast",
              "pass": true,
              "fail": false,
              "pending": false,
              "context": null,
              "code": "cy.request({\n  method: 'POST',\n  url: `${API}/auth/login`,\n  body: {\n    email: 'admin@uni.edu',\n    password: 'admin123',\n    tipo: 'admin'\n  },\n  failOnStatusCode: false\n}).then(resp => {\n  if (resp.status === 200) {\n    expect(resp.body.success).to.be.true;\n    expect(resp.body.data.tipo).to.equal('admin');\n  }\n});",
              "err": {},
              "uuid": "b27b61bb-cd46-43da-97ec-208e3ece8a33",
              "parentUUID": "ff9d5eef-544a-42ec-87ac-ec21f7ac7143",
              "isHook": false,
              "skipped": false
            },
            {
              "title": "SEC-003 | Credenciales incorrectas devuelven 401",
              "fullTitle": "Autenticacion API SEC-003 | Credenciales incorrectas devuelven 401",
              "timedOut": null,
              "duration": 1727,
              "state": "failed",
              "speed": null,
              "pass": false,
              "fail": true,
              "pending": false,
              "context": null,
              "code": "cy.request({\n  method: 'POST',\n  url: `${API}/auth/login`,\n  body: {\n    email: 'admin@uni.edu',\n    password: 'WRONG',\n    tipo: 'admin'\n  },\n  failOnStatusCode: false\n}).then(resp => {\n  if (resp.status !== 503) {\n    expect(resp.status).to.equal(401);\n  }\n});",
              "err": {
                "message": "AssertionError: expected 404 to equal 401",
                "estack": "AssertionError: expected 404 to equal 401\n    at Context.eval (webpack://frontend/./cypress/e2e/sistema_academico.cy.js:122:31)\n    at getRet (http://localhost:4200/__cypress/runner/cypress_runner.js:122946:20)\n    at tryCatcher (http://localhost:4200/__cypress/runner/cypress_runner.js:1777:23)\n    at Promise.attempt.Promise.try (http://localhost:4200/__cypress/runner/cypress_runner.js:4285:29)\n    at Context.thenFn (http://localhost:4200/__cypress/runner/cypress_runner.js:122957:66)\n    at Context.then (http://localhost:4200/__cypress/runner/cypress_runner.js:123208:21)",
                "diff": "- 404\n+ 401\n"
              },
              "uuid": "174d10e4-cd44-43ed-ae37-1a149ab7c19d",
              "parentUUID": "ff9d5eef-544a-42ec-87ac-ec21f7ac7143",
              "isHook": false,
              "skipped": false
            },
            {
              "title": "SEC-004 | Tipo de usuario invalido devuelve 400",
              "fullTitle": "Autenticacion API SEC-004 | Tipo de usuario invalido devuelve 400",
              "timedOut": null,
              "duration": 1717,
              "state": "failed",
              "speed": null,
              "pass": false,
              "fail": true,
              "pending": false,
              "context": null,
              "code": "cy.request({\n  method: 'POST',\n  url: `${API}/auth/login`,\n  body: {\n    email: 'test@test.com',\n    password: 'pass',\n    tipo: 'hacker'\n  },\n  failOnStatusCode: false\n}).then(resp => {\n  if (resp.status !== 503) {\n    expect(resp.status).to.equal(400);\n  }\n});",
              "err": {
                "message": "AssertionError: expected 404 to equal 400",
                "estack": "AssertionError: expected 404 to equal 400\n    at Context.eval (webpack://frontend/./cypress/e2e/sistema_academico.cy.js:134:31)\n    at getRet (http://localhost:4200/__cypress/runner/cypress_runner.js:122946:20)\n    at tryCatcher (http://localhost:4200/__cypress/runner/cypress_runner.js:1777:23)\n    at Promise.attempt.Promise.try (http://localhost:4200/__cypress/runner/cypress_runner.js:4285:29)\n    at Context.thenFn (http://localhost:4200/__cypress/runner/cypress_runner.js:122957:66)\n    at Context.then (http://localhost:4200/__cypress/runner/cypress_runner.js:123208:21)",
                "diff": "- 404\n+ 400\n"
              },
              "uuid": "14b592f0-d0e4-418d-8581-82d912a189f2",
              "parentUUID": "ff9d5eef-544a-42ec-87ac-ec21f7ac7143",
              "isHook": false,
              "skipped": false
            }
          ],
          "suites": [],
          "passes": [
            "78955141-aa7f-4a41-89f1-47bb6ed895a2",
            "b27b61bb-cd46-43da-97ec-208e3ece8a33"
          ],
          "failures": [
            "174d10e4-cd44-43ed-ae37-1a149ab7c19d",
            "14b592f0-d0e4-418d-8581-82d912a189f2"
          ],
          "pending": [],
          "skipped": [],
          "duration": 6526,
          "root": false,
          "rootEmpty": false,
          "_timeout": 2000
        },
        {
          "uuid": "371791b4-86ba-4b8b-a667-7e76f0601e28",
          "title": "Persistencia de Informacion",
          "fullFile": "",
          "file": "",
          "beforeHooks": [],
          "afterHooks": [],
          "tests": [
            {
              "title": "PERSIST-001 | Logout limpia localStorage",
              "fullTitle": "Persistencia de Informacion PERSIST-001 | Logout limpia localStorage",
              "timedOut": null,
              "duration": 15772,
              "state": "failed",
              "speed": null,
              "pass": false,
              "fail": true,
              "pending": false,
              "context": null,
              "code": "setAuth();\ncy.visit('/dashboard');\ncy.get('[data-cy=\"btn-logout\"]', {\n  timeout: 15000\n}).should('be.visible').click({\n  force: true\n});\ncy.window().then(win => {\n  expect(win.localStorage.getItem('auth')).to.be.null;\n});",
              "err": {
                "message": "AssertionError: Timed out retrying after 15000ms: Expected to find element: `[data-cy=\"btn-logout\"]`, but never found it.",
                "estack": "AssertionError: Timed out retrying after 15000ms: Expected to find element: `[data-cy=\"btn-logout\"]`, but never found it.\n    at Context.eval (webpack://frontend/./cypress/e2e/sistema_academico.cy.js:149:57)",
                "diff": null
              },
              "uuid": "7a1cbd7b-3933-4c4e-900f-150051bbde28",
              "parentUUID": "371791b4-86ba-4b8b-a667-7e76f0601e28",
              "isHook": false,
              "skipped": false
            },
            {
              "title": "PERSIST-002 | Tipo de usuario se muestra correctamente",
              "fullTitle": "Persistencia de Informacion PERSIST-002 | Tipo de usuario se muestra correctamente",
              "timedOut": null,
              "duration": 15543,
              "state": "failed",
              "speed": null,
              "pass": false,
              "fail": true,
              "pending": false,
              "context": null,
              "code": "setAuth();\ncy.visit('/dashboard');\ncy.get('.user-type-label', {\n  timeout: 15000\n}).should('contain', 'admin');",
              "err": {
                "message": "AssertionError: Timed out retrying after 15000ms: Expected to find element: `.user-type-label`, but never found it.",
                "estack": "AssertionError: Timed out retrying after 15000ms: Expected to find element: `.user-type-label`, but never found it.\n    at Context.eval (webpack://frontend/./cypress/e2e/sistema_academico.cy.js:158:51)",
                "diff": null
              },
              "uuid": "cba02ec5-d8b9-4b95-8348-d45951caf469",
              "parentUUID": "371791b4-86ba-4b8b-a667-7e76f0601e28",
              "isHook": false,
              "skipped": false
            }
          ],
          "suites": [],
          "passes": [],
          "failures": [
            "7a1cbd7b-3933-4c4e-900f-150051bbde28",
            "cba02ec5-d8b9-4b95-8348-d45951caf469"
          ],
          "pending": [],
          "skipped": [],
          "duration": 31315,
          "root": false,
          "rootEmpty": false,
          "_timeout": 2000
        }
      ],
      "passes": [],
      "failures": [],
      "pending": [],
      "skipped": [],
      "duration": 0,
      "root": true,
      "rootEmpty": true,
      "_timeout": 2000
    }
  ],
  "meta": {
    "mocha": {
      "version": "7.2.0"
    },
    "mochawesome": {
      "options": {
        "quiet": false,
        "reportFilename": "cypress-report",
        "saveHtml": true,
        "saveJson": true,
        "consoleReporter": "spec",
        "useInlineDiffs": false,
        "code": true
      },
      "version": "7.1.4"
    },
    "marge": {
      "options": {
        "reportDir": "cypress/reports",
        "overwrite": false,
        "html": true,
        "json": true,
        "reportFilename": "cypress-report",
        "timestamp": "mmddyyyy_HHMMss"
      },
      "version": "6.3.2"
    }
  }
}