{
  "stats": {
    "suites": 4,
    "tests": 15,
    "passes": 15,
    "pending": 0,
    "failures": 0,
    "start": "2026-06-02T06:15:48.543Z",
    "end": "2026-06-02T06:16:18.940Z",
    "duration": 30397,
    "testsRegistered": 15,
    "passPercent": 100,
    "pendingPercent": 0,
    "other": 0,
    "hasOther": false,
    "skipped": 0,
    "hasSkipped": false
  },
  "results": [
    {
      "uuid": "b9086f53-b1e6-4cce-9e4b-8c263359b906",
      "title": "",
      "fullFile": "cypress\\e2e\\sistema_academico.cy.js",
      "file": "cypress\\e2e\\sistema_academico.cy.js",
      "beforeHooks": [],
      "afterHooks": [],
      "tests": [],
      "suites": [
        {
          "uuid": "7cff97fd-8e79-41ed-8266-0d7ace248fd0",
          "title": "Autenticacion - Login/Logout",
          "fullFile": "",
          "file": "",
          "beforeHooks": [],
          "afterHooks": [],
          "tests": [
            {
              "title": "GP-001 | Golden Path: Admin inicia sesion y accede al dashboard",
              "fullTitle": "Autenticacion - Login/Logout GP-001 | Golden Path: Admin inicia sesion y accede al dashboard",
              "timedOut": null,
              "duration": 2665,
              "state": "passed",
              "speed": "fast",
              "pass": true,
              "fail": false,
              "pending": false,
              "context": null,
              "code": "stubApiCalls();\nlogin();\ncy.url().should('include', '/dashboard');\ncy.get('[data-cy=\"dashboard-content\"]', {\n  timeout: 15000\n}).should('be.visible');",
              "err": {},
              "uuid": "c228ff1d-a67b-4984-9a4f-09d67bccc2e6",
              "parentUUID": "7cff97fd-8e79-41ed-8266-0d7ace248fd0",
              "isHook": false,
              "skipped": false
            },
            {
              "title": "HP-001 | Happy Path: Logout redirige a login",
              "fullTitle": "Autenticacion - Login/Logout HP-001 | Happy Path: Logout redirige a login",
              "timedOut": null,
              "duration": 1486,
              "state": "passed",
              "speed": "fast",
              "pass": true,
              "fail": false,
              "pending": false,
              "context": null,
              "code": "stubApiCalls();\nlogin();\ncy.url().should('include', '/dashboard');\ncy.get('[data-cy=\"btn-logout\"]', {\n  timeout: 15000\n}).should('be.visible').click();\ncy.url().should('include', '/login');",
              "err": {},
              "uuid": "1fa16c5d-0fbd-41da-b322-3aea844b316c",
              "parentUUID": "7cff97fd-8e79-41ed-8266-0d7ace248fd0",
              "isHook": false,
              "skipped": false
            },
            {
              "title": "UP-001 | Unhappy Path: Login con API caida no rompe la app",
              "fullTitle": "Autenticacion - Login/Logout UP-001 | Unhappy Path: Login con API caida no rompe la app",
              "timedOut": null,
              "duration": 1052,
              "state": "passed",
              "speed": "fast",
              "pass": true,
              "fail": false,
              "pending": false,
              "context": null,
              "code": "cy.intercept('GET', `${API}/**`, {\n  forceNetworkError: true\n});\nlogin();\ncy.url().should('include', '/dashboard');\ncy.get('body').should('be.visible');",
              "err": {},
              "uuid": "bc7b6307-5391-498e-847e-ca8668331910",
              "parentUUID": "7cff97fd-8e79-41ed-8266-0d7ace248fd0",
              "isHook": false,
              "skipped": false
            },
            {
              "title": "UP-002 | Unhappy Path: Ruta protegida sin autenticar redirige a login",
              "fullTitle": "Autenticacion - Login/Logout UP-002 | Unhappy Path: Ruta protegida sin autenticar redirige a login",
              "timedOut": null,
              "duration": 509,
              "state": "passed",
              "speed": "fast",
              "pass": true,
              "fail": false,
              "pending": false,
              "context": null,
              "code": "cy.visit('/dashboard');\ncy.url().should('include', '/login');",
              "err": {},
              "uuid": "fb881598-ec34-4796-8f10-8b22789d6601",
              "parentUUID": "7cff97fd-8e79-41ed-8266-0d7ace248fd0",
              "isHook": false,
              "skipped": false
            }
          ],
          "suites": [],
          "passes": [
            "c228ff1d-a67b-4984-9a4f-09d67bccc2e6",
            "1fa16c5d-0fbd-41da-b322-3aea844b316c",
            "bc7b6307-5391-498e-847e-ca8668331910",
            "fb881598-ec34-4796-8f10-8b22789d6601"
          ],
          "failures": [],
          "pending": [],
          "skipped": [],
          "duration": 5712,
          "root": false,
          "rootEmpty": false,
          "_timeout": 2000
        },
        {
          "uuid": "e6588be0-f355-4315-9c6f-5b661afc143f",
          "title": "Navegacion Funcional",
          "fullFile": "",
          "file": "",
          "beforeHooks": [],
          "afterHooks": [],
          "tests": [
            {
              "title": "NAV-001 | Dashboard carga con secciones visibles",
              "fullTitle": "Navegacion Funcional NAV-001 | Dashboard carga con secciones visibles",
              "timedOut": null,
              "duration": 1201,
              "state": "passed",
              "speed": "fast",
              "pass": true,
              "fail": false,
              "pending": false,
              "context": null,
              "code": "cy.get('h2').should('contain', 'Panel principal');",
              "err": {},
              "uuid": "6879f0a1-d782-4aee-8eef-b1e651959d66",
              "parentUUID": "e6588be0-f355-4315-9c6f-5b661afc143f",
              "isHook": false,
              "skipped": false
            },
            {
              "title": "NAV-002 | Titulo de la pagina no esta vacio",
              "fullTitle": "Navegacion Funcional NAV-002 | Titulo de la pagina no esta vacio",
              "timedOut": null,
              "duration": 1130,
              "state": "passed",
              "speed": "fast",
              "pass": true,
              "fail": false,
              "pending": false,
              "context": null,
              "code": "cy.title().should('not.be.empty');",
              "err": {},
              "uuid": "483a80e6-be7c-48bb-9cb8-0aaf1f0024df",
              "parentUUID": "e6588be0-f355-4315-9c6f-5b661afc143f",
              "isHook": false,
              "skipped": false
            },
            {
              "title": "NAV-003 | Navegacion a seccion estudiantes",
              "fullTitle": "Navegacion Funcional NAV-003 | Navegacion a seccion estudiantes",
              "timedOut": null,
              "duration": 1152,
              "state": "passed",
              "speed": "fast",
              "pass": true,
              "fail": false,
              "pending": false,
              "context": null,
              "code": "cy.contains('.nav-item', 'Estudiantes', {\n  timeout: 10000\n}).click();\ncy.get('h2').should('contain', 'Estudiantes');",
              "err": {},
              "uuid": "9c80d723-bd09-40f2-964b-9b4deb5852d4",
              "parentUUID": "e6588be0-f355-4315-9c6f-5b661afc143f",
              "isHook": false,
              "skipped": false
            },
            {
              "title": "NAV-004 | Navegacion a seccion horarios",
              "fullTitle": "Navegacion Funcional NAV-004 | Navegacion a seccion horarios",
              "timedOut": null,
              "duration": 1180,
              "state": "passed",
              "speed": "fast",
              "pass": true,
              "fail": false,
              "pending": false,
              "context": null,
              "code": "cy.contains('.nav-item', 'Horarios', {\n  timeout: 10000\n}).click();\ncy.get('h2').should('contain', 'Horarios');",
              "err": {},
              "uuid": "f63783b4-04d9-4bb9-ac53-a2228164a61b",
              "parentUUID": "e6588be0-f355-4315-9c6f-5b661afc143f",
              "isHook": false,
              "skipped": false
            },
            {
              "title": "NAV-005 | Ruta inexistente se maneja correctamente",
              "fullTitle": "Navegacion Funcional NAV-005 | Ruta inexistente se maneja correctamente",
              "timedOut": null,
              "duration": 1309,
              "state": "passed",
              "speed": "fast",
              "pass": true,
              "fail": false,
              "pending": false,
              "context": null,
              "code": "cy.visit('/ruta-inexistente', {\n  failOnStatusCode: false\n});\ncy.url().should('not.be.empty');",
              "err": {},
              "uuid": "bcb70d95-712e-4968-9161-89e3a4b60d8f",
              "parentUUID": "e6588be0-f355-4315-9c6f-5b661afc143f",
              "isHook": false,
              "skipped": false
            }
          ],
          "suites": [],
          "passes": [
            "6879f0a1-d782-4aee-8eef-b1e651959d66",
            "483a80e6-be7c-48bb-9cb8-0aaf1f0024df",
            "9c80d723-bd09-40f2-964b-9b4deb5852d4",
            "f63783b4-04d9-4bb9-ac53-a2228164a61b",
            "bcb70d95-712e-4968-9161-89e3a4b60d8f"
          ],
          "failures": [],
          "pending": [],
          "skipped": [],
          "duration": 5972,
          "root": false,
          "rootEmpty": false,
          "_timeout": 2000
        },
        {
          "uuid": "fbb4aae5-8923-4ea3-8377-51b18d785b6b",
          "title": "Autenticacion API",
          "fullFile": "",
          "file": "",
          "beforeHooks": [],
          "afterHooks": [],
          "tests": [
            {
              "title": "SEC-001 | Health check del backend",
              "fullTitle": "Autenticacion API SEC-001 | Health check del backend",
              "timedOut": null,
              "duration": 5159,
              "state": "passed",
              "speed": "medium",
              "pass": true,
              "fail": false,
              "pending": false,
              "context": null,
              "code": "cy.request({\n  url: 'http://127.0.0.1:8000/health',\n  failOnStatusCode: false\n}).then(resp => {\n  if (resp.status === 200) {\n    expect(resp.body.status).to.equal('healthy');\n  }\n});",
              "err": {},
              "uuid": "5ec1a13f-0ad5-46bf-aac4-a7ec5adeb094",
              "parentUUID": "fbb4aae5-8923-4ea3-8377-51b18d785b6b",
              "isHook": false,
              "skipped": false
            },
            {
              "title": "SEC-002 | POST /api/auth/login admin",
              "fullTitle": "Autenticacion API SEC-002 | POST /api/auth/login admin",
              "timedOut": null,
              "duration": 7311,
              "state": "passed",
              "speed": "medium",
              "pass": true,
              "fail": false,
              "pending": false,
              "context": null,
              "code": "cy.request({\n  method: 'POST',\n  url: `${API}/auth/login`,\n  body: {\n    email: 'admin@uni.edu',\n    password: 'admin123',\n    tipo: 'admin'\n  },\n  failOnStatusCode: false\n}).then(resp => {\n  if (resp.status === 200) {\n    expect(resp.body.success).to.be.true;\n    expect(resp.body.data.tipo).to.equal('admin');\n  }\n});",
              "err": {},
              "uuid": "fbe14ad5-93cb-4e37-920e-5b6ee372ad1b",
              "parentUUID": "fbb4aae5-8923-4ea3-8377-51b18d785b6b",
              "isHook": false,
              "skipped": false
            },
            {
              "title": "SEC-003 | POST /api/auth/login credenciales malas",
              "fullTitle": "Autenticacion API SEC-003 | POST /api/auth/login credenciales malas",
              "timedOut": null,
              "duration": 1532,
              "state": "passed",
              "speed": "fast",
              "pass": true,
              "fail": false,
              "pending": false,
              "context": null,
              "code": "cy.request({\n  method: 'POST',\n  url: `${API}/auth/login`,\n  body: {\n    email: 'admin@uni.edu',\n    password: 'WRONG',\n    tipo: 'admin'\n  },\n  failOnStatusCode: false\n}).then(resp => {\n  expect(resp.status === 401 || resp.status === 404 || resp.status === 503).to.be.true;\n});",
              "err": {},
              "uuid": "60e5d38a-e762-4a50-b1dc-927f0b867b48",
              "parentUUID": "fbb4aae5-8923-4ea3-8377-51b18d785b6b",
              "isHook": false,
              "skipped": false
            },
            {
              "title": "SEC-004 | POST /api/auth/login tipo invalido",
              "fullTitle": "Autenticacion API SEC-004 | POST /api/auth/login tipo invalido",
              "timedOut": null,
              "duration": 1536,
              "state": "passed",
              "speed": "fast",
              "pass": true,
              "fail": false,
              "pending": false,
              "context": null,
              "code": "cy.request({\n  method: 'POST',\n  url: `${API}/auth/login`,\n  body: {\n    email: 'test@test.com',\n    password: 'pass',\n    tipo: 'hacker'\n  },\n  failOnStatusCode: false\n}).then(resp => {\n  expect(resp.status === 400 || resp.status === 404 || resp.status === 503).to.be.true;\n});",
              "err": {},
              "uuid": "944d40f6-d612-493c-8fc4-db93b5748a84",
              "parentUUID": "fbb4aae5-8923-4ea3-8377-51b18d785b6b",
              "isHook": false,
              "skipped": false
            }
          ],
          "suites": [],
          "passes": [
            "5ec1a13f-0ad5-46bf-aac4-a7ec5adeb094",
            "fbe14ad5-93cb-4e37-920e-5b6ee372ad1b",
            "60e5d38a-e762-4a50-b1dc-927f0b867b48",
            "944d40f6-d612-493c-8fc4-db93b5748a84"
          ],
          "failures": [],
          "pending": [],
          "skipped": [],
          "duration": 15538,
          "root": false,
          "rootEmpty": false,
          "_timeout": 2000
        },
        {
          "uuid": "b568af98-0241-4f0b-b18d-2ade0d86cf88",
          "title": "Persistencia de Informacion",
          "fullFile": "",
          "file": "",
          "beforeHooks": [],
          "afterHooks": [],
          "tests": [
            {
              "title": "PERSIST-001 | Logout limpia localStorage",
              "fullTitle": "Persistencia de Informacion PERSIST-001 | Logout limpia localStorage",
              "timedOut": null,
              "duration": 1562,
              "state": "passed",
              "speed": "fast",
              "pass": true,
              "fail": false,
              "pending": false,
              "context": null,
              "code": "stubApiCalls();\nlogin();\ncy.url().should('include', '/dashboard');\ncy.get('[data-cy=\"btn-logout\"]', {\n  timeout: 15000\n}).should('be.visible').click({\n  force: true\n});\ncy.window().then(win => {\n  expect(win.localStorage.getItem('auth')).to.be.null;\n});",
              "err": {},
              "uuid": "40224092-4c36-479f-85a2-6311003b0498",
              "parentUUID": "b568af98-0241-4f0b-b18d-2ade0d86cf88",
              "isHook": false,
              "skipped": false
            },
            {
              "title": "PERSIST-002 | Login guarda tipo de usuario en localStorage",
              "fullTitle": "Persistencia de Informacion PERSIST-002 | Login guarda tipo de usuario en localStorage",
              "timedOut": null,
              "duration": 981,
              "state": "passed",
              "speed": "fast",
              "pass": true,
              "fail": false,
              "pending": false,
              "context": null,
              "code": "stubApiCalls();\nlogin();\ncy.url().should('include', '/dashboard');\ncy.window().then(win => {\n  const auth = JSON.parse(win.localStorage.getItem('auth'));\n  expect(auth.userType).to.equal('admin');\n  expect(auth.loggedIn).to.be.true;\n});",
              "err": {},
              "uuid": "c6d6deca-8fe6-4c1e-abe9-9d2ce53adc88",
              "parentUUID": "b568af98-0241-4f0b-b18d-2ade0d86cf88",
              "isHook": false,
              "skipped": false
            }
          ],
          "suites": [],
          "passes": [
            "40224092-4c36-479f-85a2-6311003b0498",
            "c6d6deca-8fe6-4c1e-abe9-9d2ce53adc88"
          ],
          "failures": [],
          "pending": [],
          "skipped": [],
          "duration": 2543,
          "root": false,
          "rootEmpty": false,
          "_timeout": 2000
        }
      ],
      "passes": [],
      "failures": [],
      "pending": [],
      "skipped": [],
      "duration": 0,
      "root": true,
      "rootEmpty": true,
      "_timeout": 2000
    }
  ],
  "meta": {
    "mocha": {
      "version": "7.2.0"
    },
    "mochawesome": {
      "options": {
        "quiet": false,
        "reportFilename": "cypress-report",
        "saveHtml": true,
        "saveJson": true,
        "consoleReporter": "spec",
        "useInlineDiffs": false,
        "code": true
      },
      "version": "7.1.4"
    },
    "marge": {
      "options": {
        "reportDir": "cypress/reports",
        "overwrite": false,
        "html": true,
        "json": true,
        "reportFilename": "cypress-report",
        "timestamp": "mmddyyyy_HHMMss"
      },
      "version": "6.3.2"
    }
  }
}